Arguments: 
  /Users/ebina/.nodebrew/node/v14.9.0/bin/node /usr/local/Cellar/yarn/1.22.5/libexec/bin/yarn.js add next

PATH: 
  /usr/local/opt/openjdk/bin:/usr/local/sbin:/Users/ebina/.nodebrew/current/bin/:/Users/ebina/.goenv/bin:/Users/ebina/go/bin/:/usr/local/bin:/usr/bin:/bin:/usr/sbin:/sbin:/Library/Apple/usr/bin:/Applications/VMware Fusion.app/Contents/Public:/Library/Frameworks/Mono.framework/Versions/Current/Commands:/Library/TeX/texbin:/Users/ebina/Library/Android/sdk/tools:/Users/ebina/Library/Android/sdk/tools/bin:/Users/ebina/Library/Android/sdk/platform-tools

Yarn version: 
  1.22.5

Node version: 
  14.9.0

Platform: 
  darwin x64

Trace: 
  Error: https://registry.yarnpkg.com/react: tunneling socket could not be established, cause=getaddrinfo ENOTFOUND cproxy.okinawa-ct.ac.jp
      at ClientRequest.onError (/usr/local/Cellar/yarn/1.22.5/libexec/lib/cli.js:152235:17)
      at Object.onceWrapper (events.js:421:26)
      at ClientRequest.emit (events.js:314:20)
      at Socket.socketErrorListener (_http_client.js:469:9)
      at Socket.emit (events.js:314:20)
      at emitErrorNT (internal/streams/destroy.js:100:8)
      at emitErrorCloseNT (internal/streams/destroy.js:68:3)
      at processTicksAndRejections (internal/process/task_queues.js:80:21)

npm manifest: 
  {
    "name": "next-js-handson",
    "scripts": {
      "dev": "next",
      "build": "next build",
      "start": "next start"
    },
    "license": "UNLICENSED",
    "dependencies": {
      "next": "^9.5.3",
      "react": "^16.13.1",
      "react-dom": "^16.13.1"
    }
  }

yarn manifest: 
  No manifest

Lockfile: 
  No lockfile
